Building DAG of jobs...
Using shell: /usr/bin/bash
Provided cores: 1 (use --cores to define parallelism)
Rules claiming more threads will be scaled down.
Job counts:
	count	jobs
	1	create_genome_list
	1	download_genome
	2

[Wed Nov 30 14:59:04 2022]
Job 1: Creating the genomes list...


        esearch -db assembly -query '"Aphidius"[Organism] AND (latest[filter] AND ("chromosome level"[filter] OR "complete genome"[filter]) AND "representative genome"[filter] AND (all[filter] NOT anomalous[filter] AND all[filter] NOT partial[filter]))' \
        | esummary \
        | xtract -pattern DocumentSummary -element FtpPath_GenBank \
        | while read -r line ; 
        do
            fname=$(echo $line | grep -o 'GCA_.*' | sed 's/$/_genomic.fna.gz/') ;
            echo "$line/$fname" > temp/$fname.temp;
        done
       
        
Activating conda environment: /home/kilar/Desktop/GERONIMO/GERONIMO/.snakemake/conda/1da98d13
Touching output file temp/GCA_014905175.1_ASM1490517v1_genomic.fna.gz.temp.
[Wed Nov 30 14:59:07 2022]
Finished job 1.
1 of 2 steps (50%) done

[Wed Nov 30 14:59:07 2022]
Job 0: Downloading genomes...


        GENOME_LINK=$(cat temp/GCA_014905175.1_ASM1490517v1_genomic.fna.gz.temp)

        GENOME="${GENOME_LINK##*/}"

        wget -P ./database $GENOME_LINK 
        
Touching output file database/GCA_014905175.1_ASM1490517v1_genomic.fna.gz.
[Wed Nov 30 14:59:14 2022]
Finished job 0.
2 of 2 steps (100%) done
Complete log: /home/kilar/Desktop/GERONIMO/GERONIMO/.snakemake/log/2022-11-30T145904.334649.snakemake.log
