Building DAG of jobs...
Creating conda environment entrez_env.yaml...
Downloading and installing remote packages.
Environment for entrez_env.yaml created (location: .snakemake/conda/74b2a95c)
Using shell: /usr/bin/bash
Provided cores: 1 (use --cores to define parallelism)
Rules claiming more threads will be scaled down.
Job counts:
	count	jobs
	1	downloading_genomes
	1

[Sat Nov 26 18:07:41 2022]
rule downloading_genomes:
    output: database/list_of_genomes.txt
    jobid: 0


        esearch -db assembly -query '"Bombus"[Organism] AND (latest[filter] AND all[filter] NOT anomalous[filter]) AND ("chromosome level"[filter] AND "representative genome"[filter])' \
        | esummary \
        | xtract -pattern DocumentSummary -element FtpPath_GenBank \
        | while read -r line ; 
        do
            fname=$(echo $line | grep -o 'GCA_.*' | sed 's/$/_genomic.fna.gz/') ;
            wget "$line/$fname" ;
        done


        ls *gz > list_of_genomes.txt

        
Activating conda environment: /home/amk/Desktop/Geronimo/GERONIMO/.snakemake/conda/74b2a95c
[Sat Nov 26 18:16:28 2022]
Error in rule downloading_genomes:
    jobid: 0
    output: database/list_of_genomes.txt
    conda-env: /home/amk/Desktop/Geronimo/GERONIMO/.snakemake/conda/74b2a95c
    shell:
        
        esearch -db assembly -query '"Bombus"[Organism] AND (latest[filter] AND all[filter] NOT anomalous[filter]) AND ("chromosome level"[filter] AND "representative genome"[filter])' \
        | esummary \
        | xtract -pattern DocumentSummary -element FtpPath_GenBank \
        | while read -r line ; 
        do
            fname=$(echo $line | grep -o 'GCA_.*' | sed 's/$/_genomic.fna.gz/') ;
            wget "$line/$fname" ;
        done


        ls *gz > list_of_genomes.txt

        
        (one of the commands exited with non-zero exit code; note that snakemake uses bash strict mode!)

Shutting down, this might take some time.
Exiting because a job execution failed. Look above for error message
Complete log: /home/amk/Desktop/Geronimo/GERONIMO/.snakemake/log/2022-11-26T180614.333347.snakemake.log
