Building DAG of jobs...
Creating conda environment blast_env.yaml...
Downloading and installing remote packages.
Environment for blast_env.yaml created (location: .snakemake/conda/06fbecd8)
Using shell: /usr/bin/bash
Provided cores: 1 (use --cores to define parallelism)
Rules claiming more threads will be scaled down.
Job counts:
	count	jobs
	1	makeblastdb
	1

[Wed Nov 30 18:15:24 2022]
Job 0: Preparing database...


        makeblastdb -in database/GCA_022817605.1_ASM2281760v1_genomic/GCA_022817605.1_ASM2281760v1_genomic.fna -dbtype nucl -parse_seqids
        
Activating conda environment: /home/kilar/Desktop/GERONIMO/GERONIMO/.snakemake/conda/06fbecd8
Touching output file database/GCA_022817605.1_ASM2281760v1_genomic/GCA_022817605.1_ASM2281760v1_genomic.fna.nhr.
[Wed Nov 30 18:15:27 2022]
Finished job 0.
1 of 1 steps (100%) done
Complete log: /home/kilar/Desktop/GERONIMO/GERONIMO/.snakemake/log/2022-11-30T181249.973771.snakemake.log
