Building DAG of jobs...
Using shell: /usr/bin/bash
Provided cores: 16
Rules claiming more threads will be scaled down.
Job counts:
	count	jobs
	1	download_genome
	1

[Mon Nov 28 00:10:48 2022]
rule download_genome:
    input: list_of_genomes.txt
    output: database/*.fna
    jobid: 0
    wildcards: GENOME=*



        GENOME=$(head -n 1 list_of_genomes.txt)

        tail -n +2 list_of_genomes.txt > "FILE.tmp" && mv "FILE.tmp" list_of_genomes.txt


        wget -P ./database "$GENOME"

        sleep 0.01

        gunzip ./database/*.gz

        #tail -n +2 list_of_genomes.txt > "$FILE.tmp" && mv "$FILE.tmp" list_of_genomes.txt

        
Waiting at most 5 seconds for missing files.
MissingOutputException in line 26 of /home/amk/Desktop/Geronimo/GERONIMO/Snakefile:
Missing files after 5 seconds:
database/*.fna
This might be due to filesystem latency. If that is the case, consider to increase the wait time with --latency-wait.
Shutting down, this might take some time.
Exiting because a job execution failed. Look above for error message
Complete log: /home/amk/Desktop/Geronimo/GERONIMO/.snakemake/log/2022-11-28T001048.749232.snakemake.log
