Building DAG of jobs...
Using shell: /usr/bin/bash
Provided cores: 1 (use --cores to define parallelism)
Rules claiming more threads will be scaled down.
Job counts:
	count	jobs
	1	downloading_genomes
	1

[Sun Nov 27 20:14:39 2022]
rule downloading_genomes:
    output: database/list_of_genomes.txt
    jobid: 0



        esearch -db assembly -query '"Bombus"[Organism] AND (latest[filter] AND all[filter] NOT anomalous[filter]) AND ("chromosome level"[filter] AND "representative genome"[filter])' \
        | esummary \
        | xtract -pattern DocumentSummary -element FtpPath_GenBank \
        | while read -r line ; 
        do
            fname=$(echo $line | grep -o 'GCA_.*' | sed 's/$/_genomic.fna.gz/') ;
            wget -P ./database "$line/$fname" ;
        done


        ls database/*gz > list_of_genomes.txt




        
Activating conda environment: /home/amk/Desktop/Geronimo/GERONIMO/.snakemake/conda/74b2a95c
Waiting at most 5 seconds for missing files.
MissingOutputException in line 9 of /home/amk/Desktop/Geronimo/GERONIMO/Snakefile:
Missing files after 5 seconds:
database/list_of_genomes.txt
This might be due to filesystem latency. If that is the case, consider to increase the wait time with --latency-wait.
Shutting down, this might take some time.
Exiting because a job execution failed. Look above for error message
Complete log: /home/amk/Desktop/Geronimo/GERONIMO/.snakemake/log/2022-11-27T201439.052111.snakemake.log
