Building DAG of jobs...
Using shell: /usr/bin/bash
Provided cores: 1 (use --cores to define parallelism)
Rules claiming more threads will be scaled down.
Job counts:
	count	jobs
	1	create_genome_list
	1	download_genome
	1	infernal_search
	1	unzip_genome
	4

[Wed Nov 30 17:43:47 2022]
Job 3: Creating the genomes list...


        esearch -db assembly -query '"Calotelea sp. ZL-2020"[Organism]' \
        | esummary \
        | xtract -pattern DocumentSummary -element FtpPath_GenBank \
        | while read -r line ; 
        do
            fname=$(echo $line | grep -o 'GCA_.*' | sed 's/$/_genomic.fna.gz/') ;
            echo "$line/$fname" > temp/$fname.temp;
        done
       
        
Activating conda environment: /home/kilar/Desktop/GERONIMO/GERONIMO/.snakemake/conda/1da98d13
Touching output file temp/GCA_022817605.1_ASM2281760v1_genomic.fna.gz.temp.
[Wed Nov 30 17:43:49 2022]
Finished job 3.
1 of 4 steps (25%) done

[Wed Nov 30 17:43:49 2022]
Job 2: Downloading genomes...


        GENOME_LINK=$(cat temp/GCA_022817605.1_ASM2281760v1_genomic.fna.gz.temp)

        GENOME="${GENOME_LINK##*/}"

        wget -P ./database/GCA_022817605.1_ASM2281760v1_genomic/ $GENOME_LINK 
        
Touching output file database/GCA_022817605.1_ASM2281760v1_genomic/GCA_022817605.1_ASM2281760v1_genomic.fna.gz.
[Wed Nov 30 17:43:56 2022]
Finished job 2.
2 of 4 steps (50%) done

[Wed Nov 30 17:43:56 2022]
Job 1: Unzipping genomes...


        gunzip database/GCA_022817605.1_ASM2281760v1_genomic/GCA_022817605.1_ASM2281760v1_genomic.fna.gz

        
Touching output file database/GCA_022817605.1_ASM2281760v1_genomic/GCA_022817605.1_ASM2281760v1_genomic.fna.
[Wed Nov 30 17:43:57 2022]
Finished job 1.
3 of 4 steps (75%) done

[Wed Nov 30 17:43:57 2022]
Job 0: Run Infernal search


       cmsearch --notextw -A results/raw_infernal/bombus/result_bombus_vs_GCA_022817605.1_ASM2281760v1_genomic-alignment -o results/raw_infernal/bombus/result_bombus_vs_GCA_022817605.1_ASM2281760v1_genomic --tblout results/raw_infernal/bombus/result_bombus_vs_GCA_022817605.1_ASM2281760v1_genomic.csv models_calibrated/cov_model_bombus database/GCA_022817605.1_ASM2281760v1_genomic/GCA_022817605.1_ASM2281760v1_genomic.fna

        
Activating conda environment: /home/kilar/Desktop/GERONIMO/GERONIMO/.snakemake/conda/a61e4c78
[Wed Nov 30 17:45:44 2022]
Finished job 0.
4 of 4 steps (100%) done
Complete log: /home/kilar/Desktop/GERONIMO/GERONIMO/.snakemake/log/2022-11-30T174347.091064.snakemake.log
