Building DAG of jobs...
Using shell: /usr/bin/bash
Provided cores: 1 (use --cores to define parallelism)
Rules claiming more threads will be scaled down.
Job counts:
	count	jobs
	1	create_genome_list
	1	download_genome
	1	infernal_search
	1	unzip_genome
	4

[Wed Nov 30 17:41:40 2022]
Job 3: Creating the genomes list...


        esearch -db assembly -query '"Calotelea sp. ZL-2020"[Organism]' \
        | esummary \
        | xtract -pattern DocumentSummary -element FtpPath_GenBank \
        | while read -r line ; 
        do
            fname=$(echo $line | grep -o 'GCA_.*' | sed 's/$/_genomic.fna.gz/') ;
            echo "$line/$fname" > temp/$fname.temp;
        done
       
        
Activating conda environment: /home/kilar/Desktop/GERONIMO/GERONIMO/.snakemake/conda/1da98d13
Touching output file temp/GCA_022817605.1_ASM2281760v1_genomic.fna.gz.temp.
[Wed Nov 30 17:41:53 2022]
Finished job 3.
1 of 4 steps (25%) done

[Wed Nov 30 17:41:53 2022]
Job 2: Downloading genomes...


        GENOME_LINK=$(cat temp/GCA_022817605.1_ASM2281760v1_genomic.fna.gz.temp)

        GENOME="${GENOME_LINK##*/}"

        wget -P ./database $GENOME_LINK 
        
Touching output file database/GCA_022817605.1_ASM2281760v1_genomic/GCA_022817605.1_ASM2281760v1_genomic.fna.gz.
[Wed Nov 30 17:41:59 2022]
Finished job 2.
2 of 4 steps (50%) done

[Wed Nov 30 17:41:59 2022]
Job 1: Unzipping genomes...


        gunzip database/GCA_022817605.1_ASM2281760v1_genomic/GCA_022817605.1_ASM2281760v1_genomic.fna.gz

        
[Wed Nov 30 17:41:59 2022]
Error in rule unzip_genome:
    jobid: 1
    output: database/GCA_022817605.1_ASM2281760v1_genomic/GCA_022817605.1_ASM2281760v1_genomic.fna
    shell:
        
        gunzip database/GCA_022817605.1_ASM2281760v1_genomic/GCA_022817605.1_ASM2281760v1_genomic.fna.gz

        
        (one of the commands exited with non-zero exit code; note that snakemake uses bash strict mode!)

Shutting down, this might take some time.
Exiting because a job execution failed. Look above for error message
Complete log: /home/kilar/Desktop/GERONIMO/GERONIMO/.snakemake/log/2022-11-30T174140.555097.snakemake.log
