Building DAG of jobs...
Using shell: /usr/bin/bash
Provided cores: 16
Rules claiming more threads will be scaled down.
Job counts:
	count	jobs
	1	download_genome
	1

[Mon Nov 28 00:04:56 2022]
rule download_genome:
    input: list_of_genomes.txt
    output: database/GCA_024542735.1_iyBomHunt1.1_genomic.fna
    jobid: 0
    wildcards: GENOME=GCA_024542735.1_iyBomHunt1.1_genomic



        GENOME=$(head -n 1 list_of_genomes.txt)

        tail -n +2 list_of_genomes.txt > "FILE.tmp" && mv "FILE.tmp" list_of_genomes.txt


        wget -P ./database "$GENOME"

        sleep 0.01

        gunzip ./database/*.gz

        #tail -n +2 list_of_genomes.txt > "$FILE.tmp" && mv "$FILE.tmp" list_of_genomes.txt

        
[Mon Nov 28 00:05:35 2022]
Error in rule download_genome:
    jobid: 0
    output: database/GCA_024542735.1_iyBomHunt1.1_genomic.fna
    shell:
        

        GENOME=$(head -n 1 list_of_genomes.txt)

        tail -n +2 list_of_genomes.txt > "FILE.tmp" && mv "FILE.tmp" list_of_genomes.txt


        wget -P ./database "$GENOME"

        sleep 0.01

        gunzip ./database/*.gz

        #tail -n +2 list_of_genomes.txt > "$FILE.tmp" && mv "$FILE.tmp" list_of_genomes.txt

        
        (one of the commands exited with non-zero exit code; note that snakemake uses bash strict mode!)

Shutting down, this might take some time.
Exiting because a job execution failed. Look above for error message
Complete log: /home/amk/Desktop/Geronimo/GERONIMO/.snakemake/log/2022-11-28T000456.062020.snakemake.log
