Building DAG of jobs...
Using shell: /usr/bin/bash
Provided cores: 1 (use --cores to define parallelism)
Rules claiming more threads will be scaled down.
Job counts:
	count	jobs
	1	create_genome_list
	1	split_genomes_from_list
	2

[Tue Nov 29 10:23:42 2022]
rule create_genome_list:
    output: list_of_genomes.txt
    jobid: 1


        esearch -db assembly -query '"Bombus"[Organism] AND (latest[filter] AND all[filter] NOT anomalous[filter]) AND ("chromosome level"[filter] AND "representative genome"[filter])' \
        | esummary \
        | xtract -pattern DocumentSummary -element FtpPath_GenBank \
        | while read -r line ; 
        do
            fname=$(echo $line | grep -o 'GCA_.*' | sed 's/$/_genomic.fna.gz/') ;
            echo "$line/$fname" >> list_of_genomes.txt;
        done
       
        
Activating conda environment: /home/kilar/Desktop/GERONIMO/GERONIMO/.snakemake/conda/1da98d13
[Tue Nov 29 10:23:45 2022]
Finished job 1.
1 of 2 steps (50%) done

[Tue Nov 29 10:23:45 2022]
rule split_genomes_from_list:
    input: list_of_genomes.txt
    output: temp/*.txt
    jobid: 0
    wildcards: LOCAL=*



        i=0

        while read line
        do

            i=$(($i+1))

            echo $line > ./temp/$i.txt

        done < list_of_genomes.txt
            
        
Waiting at most 5 seconds for missing files.
MissingOutputException in line 33 of /home/kilar/Desktop/GERONIMO/GERONIMO/Snakefile:
Missing files after 5 seconds:
temp/*.txt
This might be due to filesystem latency. If that is the case, consider to increase the wait time with --latency-wait.
Shutting down, this might take some time.
Exiting because a job execution failed. Look above for error message
Complete log: /home/kilar/Desktop/GERONIMO/GERONIMO/.snakemake/log/2022-11-29T102342.721674.snakemake.log
