Building DAG of jobs...
Using shell: /usr/bin/bash
Provided cores: 1 (use --cores to define parallelism)
Rules claiming more threads will be scaled down.
Job counts:
	count	jobs
	1	create_genome_list
	14	split_genomes_from_list
	15

[Tue Nov 29 10:25:15 2022]
rule create_genome_list:
    output: list_of_genomes.txt
    jobid: 14


        esearch -db assembly -query '"Bombus"[Organism] AND (latest[filter] AND all[filter] NOT anomalous[filter]) AND ("chromosome level"[filter] AND "representative genome"[filter])' \
        | esummary \
        | xtract -pattern DocumentSummary -element FtpPath_GenBank \
        | while read -r line ; 
        do
            fname=$(echo $line | grep -o 'GCA_.*' | sed 's/$/_genomic.fna.gz/') ;
            echo "$line/$fname" >> list_of_genomes.txt;
        done
       
        
Activating conda environment: /home/kilar/Desktop/GERONIMO/GERONIMO/.snakemake/conda/1da98d13
[Tue Nov 29 10:25:18 2022]
Finished job 14.
1 of 15 steps (7%) done

[Tue Nov 29 10:25:18 2022]
rule split_genomes_from_list:
    input: list_of_genomes.txt
    output: temp/14.txt
    jobid: 0
    wildcards: LOCAL=14



        i=0

        while read line
        do

            i=$(($i+1))

            echo $line > ./temp/$i.txt

        done < list_of_genomes.txt
            
        
[Tue Nov 29 10:25:18 2022]
Finished job 0.
2 of 15 steps (13%) done

[Tue Nov 29 10:25:18 2022]
rule split_genomes_from_list:
    input: list_of_genomes.txt
    output: temp/9.txt
    jobid: 1
    wildcards: LOCAL=9



        i=0

        while read line
        do

            i=$(($i+1))

            echo $line > ./temp/$i.txt

        done < list_of_genomes.txt
            
        
[Tue Nov 29 10:25:18 2022]
Finished job 1.
3 of 15 steps (20%) done

[Tue Nov 29 10:25:18 2022]
rule split_genomes_from_list:
    input: list_of_genomes.txt
    output: temp/4.txt
    jobid: 2
    wildcards: LOCAL=4



        i=0

        while read line
        do

            i=$(($i+1))

            echo $line > ./temp/$i.txt

        done < list_of_genomes.txt
            
        
[Tue Nov 29 10:25:18 2022]
Finished job 2.
4 of 15 steps (27%) done

[Tue Nov 29 10:25:18 2022]
rule split_genomes_from_list:
    input: list_of_genomes.txt
    output: temp/10.txt
    jobid: 3
    wildcards: LOCAL=10



        i=0

        while read line
        do

            i=$(($i+1))

            echo $line > ./temp/$i.txt

        done < list_of_genomes.txt
            
        
[Tue Nov 29 10:25:18 2022]
Finished job 3.
5 of 15 steps (33%) done

[Tue Nov 29 10:25:18 2022]
rule split_genomes_from_list:
    input: list_of_genomes.txt
    output: temp/6.txt
    jobid: 4
    wildcards: LOCAL=6



        i=0

        while read line
        do

            i=$(($i+1))

            echo $line > ./temp/$i.txt

        done < list_of_genomes.txt
            
        
[Tue Nov 29 10:25:18 2022]
Finished job 4.
6 of 15 steps (40%) done

[Tue Nov 29 10:25:18 2022]
rule split_genomes_from_list:
    input: list_of_genomes.txt
    output: temp/11.txt
    jobid: 5
    wildcards: LOCAL=11



        i=0

        while read line
        do

            i=$(($i+1))

            echo $line > ./temp/$i.txt

        done < list_of_genomes.txt
            
        
[Tue Nov 29 10:25:18 2022]
Finished job 5.
7 of 15 steps (47%) done

[Tue Nov 29 10:25:18 2022]
rule split_genomes_from_list:
    input: list_of_genomes.txt
    output: temp/8.txt
    jobid: 6
    wildcards: LOCAL=8



        i=0

        while read line
        do

            i=$(($i+1))

            echo $line > ./temp/$i.txt

        done < list_of_genomes.txt
            
        
[Tue Nov 29 10:25:18 2022]
Finished job 6.
8 of 15 steps (53%) done

[Tue Nov 29 10:25:18 2022]
rule split_genomes_from_list:
    input: list_of_genomes.txt
    output: temp/13.txt
    jobid: 7
    wildcards: LOCAL=13



        i=0

        while read line
        do

            i=$(($i+1))

            echo $line > ./temp/$i.txt

        done < list_of_genomes.txt
            
        
[Tue Nov 29 10:25:18 2022]
Finished job 7.
9 of 15 steps (60%) done

[Tue Nov 29 10:25:18 2022]
rule split_genomes_from_list:
    input: list_of_genomes.txt
    output: temp/7.txt
    jobid: 8
    wildcards: LOCAL=7



        i=0

        while read line
        do

            i=$(($i+1))

            echo $line > ./temp/$i.txt

        done < list_of_genomes.txt
            
        
[Tue Nov 29 10:25:18 2022]
Finished job 8.
10 of 15 steps (67%) done

[Tue Nov 29 10:25:18 2022]
rule split_genomes_from_list:
    input: list_of_genomes.txt
    output: temp/2.txt
    jobid: 9
    wildcards: LOCAL=2



        i=0

        while read line
        do

            i=$(($i+1))

            echo $line > ./temp/$i.txt

        done < list_of_genomes.txt
            
        
[Tue Nov 29 10:25:18 2022]
Finished job 9.
11 of 15 steps (73%) done

[Tue Nov 29 10:25:19 2022]
rule split_genomes_from_list:
    input: list_of_genomes.txt
    output: temp/12.txt
    jobid: 10
    wildcards: LOCAL=12



        i=0

        while read line
        do

            i=$(($i+1))

            echo $line > ./temp/$i.txt

        done < list_of_genomes.txt
            
        
[Tue Nov 29 10:25:19 2022]
Finished job 10.
12 of 15 steps (80%) done

[Tue Nov 29 10:25:19 2022]
rule split_genomes_from_list:
    input: list_of_genomes.txt
    output: temp/1.txt
    jobid: 11
    wildcards: LOCAL=1



        i=0

        while read line
        do

            i=$(($i+1))

            echo $line > ./temp/$i.txt

        done < list_of_genomes.txt
            
        
[Tue Nov 29 10:25:19 2022]
Finished job 11.
13 of 15 steps (87%) done

[Tue Nov 29 10:25:19 2022]
rule split_genomes_from_list:
    input: list_of_genomes.txt
    output: temp/5.txt
    jobid: 12
    wildcards: LOCAL=5



        i=0

        while read line
        do

            i=$(($i+1))

            echo $line > ./temp/$i.txt

        done < list_of_genomes.txt
            
        
[Tue Nov 29 10:25:19 2022]
Finished job 12.
14 of 15 steps (93%) done

[Tue Nov 29 10:25:19 2022]
rule split_genomes_from_list:
    input: list_of_genomes.txt
    output: temp/3.txt
    jobid: 13
    wildcards: LOCAL=3



        i=0

        while read line
        do

            i=$(($i+1))

            echo $line > ./temp/$i.txt

        done < list_of_genomes.txt
            
        
[Tue Nov 29 10:25:19 2022]
Finished job 13.
15 of 15 steps (100%) done
Complete log: /home/kilar/Desktop/GERONIMO/GERONIMO/.snakemake/log/2022-11-29T102515.042201.snakemake.log
