Building DAG of jobs...
Using shell: /usr/bin/bash
Provided cores: 1 (use --cores to define parallelism)
Rules claiming more threads will be scaled down.
Job counts:
	count	jobs
	1	create_genome_list
	1	download_genome
	2

[Wed Nov 30 14:58:19 2022]
Job 1: Creating the genomes list...


        esearch -db assembly -query '"Aphidius"[Organism] AND (latest[filter] AND ("chromosome level"[filter] OR "complete genome"[filter]) AND "representative genome"[filter] AND (all[filter] NOT anomalous[filter] AND all[filter] NOT partial[filter]))' \
        | esummary \
        | xtract -pattern DocumentSummary -element FtpPath_GenBank \
        | while read -r line ; 
        do
            fname=$(echo $line | grep -o 'GCA_.*' | sed 's/$/_genomic.fna.gz/') ;
            echo "$line/$fname" > temp/$fname.temp;
        done
       
        
Activating conda environment: /home/kilar/Desktop/GERONIMO/GERONIMO/.snakemake/conda/1da98d13
Touching output file temp/*.fna.gz.temp.
[Wed Nov 30 14:58:22 2022]
Finished job 1.
1 of 2 steps (50%) done

[Wed Nov 30 14:58:22 2022]
Job 0: Downloading genomes...


        GENOME_LINK=$(cat temp/*.fna.gz.temp)

        GENOME="${GENOME_LINK##*/}"

        wget -P ./database $GENOME_LINK 
        
Waiting at most 5 seconds for missing files.
MissingOutputException in line 36 of /home/kilar/Desktop/GERONIMO/GERONIMO/Snakefile:
Missing files after 5 seconds:
database/*.fna.gz
This might be due to filesystem latency. If that is the case, consider to increase the wait time with --latency-wait.
Shutting down, this might take some time.
Exiting because a job execution failed. Look above for error message
Complete log: /home/kilar/Desktop/GERONIMO/GERONIMO/.snakemake/log/2022-11-30T145819.687373.snakemake.log
