Building DAG of jobs...
Creating conda environment entrez_env.yaml...
Downloading and installing remote packages.
Environment for entrez_env.yaml created (location: .snakemake/conda/1da98d13)
Using shell: /usr/bin/bash
Provided cores: 1 (use --cores to define parallelism)
Rules claiming more threads will be scaled down.
Job counts:
	count	jobs
	1	create_genome_list
	1

[Mon Nov 28 15:49:59 2022]
rule create_genome_list:
    output: list_of_genomes.txt
    jobid: 0


        esearch -db assembly -query '"Bombus"[Organism] AND (latest[filter] AND all[filter] NOT anomalous[filter]) AND ("chromosome level"[filter] AND "representative genome"[filter])' \
        | esummary \
        | xtract -pattern DocumentSummary -element FtpPath_GenBank \
        | while read -r line ; 
        do
            fname=$(echo $line | grep -o 'GCA_.*' | sed 's/$/_genomic.fna.gz/') ;
            echo "$line/$fname" >> list_of_genomes.txt;
        done
       
        
Activating conda environment: /home/kilar/Desktop/GERONIMO/GERONIMO/.snakemake/conda/1da98d13
[Mon Nov 28 15:50:02 2022]
Finished job 0.
1 of 1 steps (100%) done
Complete log: /home/kilar/Desktop/GERONIMO/GERONIMO/.snakemake/log/2022-11-28T154725.789949.snakemake.log
