Building DAG of jobs...
Using shell: /usr/bin/bash
Provided cores: 1 (use --cores to define parallelism)
Rules claiming more threads will be scaled down.
Job counts:
	count	jobs
	1	make_list_downloaded_genomes
	1

[Tue Nov 29 13:03:04 2022]
rule make_list_downloaded_genomes:
    output: list_of_downloaded_genomes.txt
    jobid: 0


        ls database/*fna > list_of_downloaded_genomes.txt

        
[Tue Nov 29 13:03:04 2022]
Error in rule make_list_downloaded_genomes:
    jobid: 0
    output: list_of_downloaded_genomes.txt
    shell:
        
        ls database/*fna > list_of_downloaded_genomes.txt

        
        (one of the commands exited with non-zero exit code; note that snakemake uses bash strict mode!)

Removing output files of failed job make_list_downloaded_genomes since they might be corrupted:
list_of_downloaded_genomes.txt
Shutting down, this might take some time.
Exiting because a job execution failed. Look above for error message
Complete log: /home/kilar/Desktop/GERONIMO/GERONIMO/.snakemake/log/2022-11-29T130304.949461.snakemake.log
