Building DAG of jobs...
Using shell: /usr/bin/bash
Provided cores: 1 (use --cores to define parallelism)
Rules claiming more threads will be scaled down.
Job counts:
	count	jobs
	1	create_genome_list
	1	download_genome
	1	unzip_genome
	3

[Wed Nov 30 16:12:11 2022]
Job 2: Creating the genomes list...


        esearch -db assembly -query '"Calotelea sp. ZL-2020"[Organism]' \
        | esummary \
        | xtract -pattern DocumentSummary -element FtpPath_GenBank \
        | while read -r line ; 
        do
            fname=$(echo $line | grep -o 'GCA_.*' | sed 's/$/_genomic.fna.gz/') ;
            echo "$line/$fname" > temp/$fname.temp;
        done
       
        
Activating conda environment: /home/kilar/Desktop/Git/GERONIMO/.snakemake/conda/f2c27054
Touching output file temp/*.fna.gz.temp.
[Wed Nov 30 16:12:14 2022]
Finished job 2.
1 of 3 steps (33%) done

[Wed Nov 30 16:12:14 2022]
Job 1: Downloading genomes...


        GENOME_LINK=$(cat temp/*.fna.gz.temp)

        GENOME="${GENOME_LINK##*/}"

        wget -P ./database $GENOME_LINK 
        
Touching output file database/*.fna.gz.
[Wed Nov 30 16:12:18 2022]
Finished job 1.
2 of 3 steps (67%) done

[Wed Nov 30 16:12:18 2022]
Job 0: Unzipping genomes...


        gunzip database/*.fna.gz

        
[Wed Nov 30 16:12:18 2022]
Error in rule unzip_genome:
    jobid: 0
    output: database/*.fna
    shell:
        
        gunzip database/*.fna.gz

        
        (one of the commands exited with non-zero exit code; note that snakemake uses bash strict mode!)

Shutting down, this might take some time.
Exiting because a job execution failed. Look above for error message
Complete log: /home/kilar/Desktop/Git/GERONIMO/.snakemake/log/2022-11-30T161211.403784.snakemake.log
